2025-01-03 23:07:47,164 - INFO - Settings saved successfully.
2025-01-03 23:07:47,165 - INFO - Bot initialized with settings.
2025-01-03 23:07:47,169 - INFO - Metrics table ensured in DB.
2025-01-03 23:07:51,262 - INFO - Bot initialized with settings.
2025-01-03 23:07:51,265 - INFO - Metrics table ensured in DB.
2025-01-03 23:08:22,045 - INFO - Bot initialized with settings.
2025-01-03 23:08:22,047 - INFO - Metrics table ensured in DB.
2025-01-03 23:11:44,693 - INFO - Bot initialized with settings.
2025-01-03 23:11:44,696 - INFO - Metrics table ensured in DB.
2025-01-03 23:12:14,982 - INFO - Bot initialized with settings.
2025-01-03 23:12:14,986 - INFO - Metrics table ensured in DB.
2025-01-03 23:12:19,357 - INFO - Bot initialized with settings.
2025-01-03 23:12:19,361 - INFO - Metrics table ensured in DB.
2025-01-03 23:13:15,976 - INFO - Bot initialized with settings.
2025-01-03 23:13:15,979 - INFO - Metrics table ensured in DB.
2025-01-03 23:13:22,925 - INFO - Bot initialized with settings.
2025-01-03 23:13:22,928 - INFO - Metrics table ensured in DB.
2025-01-03 23:17:18,481 - INFO - Bot initialized with settings.
2025-01-03 23:17:18,483 - INFO - Metrics table ensured in DB.
2025-01-03 23:17:22,354 - INFO - Bot initialized with settings.
2025-01-03 23:17:22,357 - INFO - Metrics table ensured in DB.
2025-01-03 23:17:46,557 - INFO - Bot initialized with settings.
2025-01-03 23:17:46,560 - INFO - Metrics table ensured in DB.
2025-01-03 23:17:50,472 - INFO - Bot initialized with settings.
2025-01-03 23:17:50,475 - INFO - Metrics table ensured in DB.
2025-01-03 23:18:03,789 - INFO - Bot initialized with settings.
2025-01-03 23:18:03,792 - INFO - Metrics table ensured in DB.
2025-01-03 23:18:39,447 - INFO - Bot initialized with settings.
2025-01-03 23:18:39,449 - INFO - Metrics table ensured in DB.
2025-01-03 23:21:07,843 - INFO - Bot initialized with settings.
2025-01-03 23:21:07,846 - INFO - Metrics table ensured in DB.
2025-01-03 23:22:55,496 - INFO - Bot initialized with settings.
2025-01-03 23:22:55,499 - INFO - Metrics table ensured in DB.
2025-01-03 23:23:15,259 - INFO - Bot initialized with settings.
2025-01-03 23:23:15,261 - INFO - Metrics table ensured in DB.
2025-01-03 23:28:41,383 - INFO - Bot initialized with settings.
2025-01-03 23:28:41,385 - INFO - Metrics table ensured in DB.
2025-01-03 23:28:45,418 - INFO - Bot initialized with settings.
2025-01-03 23:28:45,420 - INFO - Metrics table ensured in DB.
2025-01-03 23:31:50,875 - INFO - Bot initialized with settings.
2025-01-03 23:31:50,878 - INFO - Metrics table ensured in DB.
2025-01-03 23:32:33,492 - INFO - Bot initialized with settings.
2025-01-03 23:32:33,495 - INFO - Metrics table ensured in DB.
2025-01-03 23:32:55,516 - INFO - Bot initialized with settings.
2025-01-03 23:32:55,519 - INFO - Metrics table ensured in DB.
2025-01-03 23:35:32,752 - INFO - Bot initialized with settings.
2025-01-03 23:35:32,755 - INFO - Metrics table ensured in DB.
2025-01-03 23:35:36,786 - INFO - Bot initialized with settings.
2025-01-03 23:35:36,788 - INFO - Metrics table ensured in DB.
2025-01-03 23:37:14,854 - INFO - Bot initialized with settings.
2025-01-03 23:37:14,858 - INFO - Metrics table ensured in DB.
2025-01-03 23:58:14,398 - INFO - Bot initialized with settings.
2025-01-03 23:58:14,402 - INFO - Metrics table ensured in DB.
2025-01-03 23:58:18,676 - INFO - Bot initialized with settings.
2025-01-03 23:58:18,678 - INFO - Metrics table ensured in DB.
2025-01-04 00:04:18,786 - INFO - Bot initialized with settings.
2025-01-04 00:04:18,788 - INFO - Metrics table ensured in DB.
2025-01-04 00:05:30,145 - INFO - Bot initialized with settings.
2025-01-04 00:05:30,149 - INFO - Metrics table ensured in DB.
2025-01-04 00:07:21,087 - INFO - Bot initialized with settings.
2025-01-04 00:07:21,090 - INFO - Metrics table ensured in DB.
2025-01-04 00:07:42,014 - INFO - Bot initialized with settings.
2025-01-04 00:07:42,017 - INFO - Metrics table ensured in DB.
2025-01-04 00:08:19,371 - INFO - Bot initialized with settings.
2025-01-04 00:08:19,374 - INFO - Metrics table ensured in DB.
2025-01-04 00:08:45,686 - INFO - Bot initialized with settings.
2025-01-04 00:08:45,688 - INFO - Metrics table ensured in DB.
2025-01-04 00:08:56,580 - INFO - Bot initialized with settings.
2025-01-04 00:08:56,583 - INFO - Metrics table ensured in DB.
2025-01-04 00:48:56,877 - INFO - Bot initialized with settings.
2025-01-04 00:48:56,881 - INFO - Metrics table ensured in DB.
2025-01-04 00:49:00,800 - INFO - Bot initialized with settings.
2025-01-04 00:49:00,802 - INFO - Metrics table ensured in DB.
2025-01-04 00:50:23,059 - INFO - Bot initialized with settings.
2025-01-04 00:50:23,061 - INFO - Metrics table ensured in DB.
2025-01-04 00:52:38,514 - INFO - Bot initialized with settings.
2025-01-04 00:52:38,516 - INFO - Metrics table ensured in DB.
2025-01-04 00:53:25,689 - INFO - Bot initialized with settings.
2025-01-04 00:53:25,692 - INFO - Metrics table ensured in DB.
2025-01-04 00:53:54,247 - INFO - Bot initialized with settings.
2025-01-04 00:53:54,250 - INFO - Metrics table ensured in DB.
2025-01-04 01:01:02,169 - INFO - Bot initialized with settings.
2025-01-04 01:01:02,171 - INFO - Metrics table ensured in DB.
2025-01-04 01:01:06,124 - INFO - Bot initialized with settings.
2025-01-04 01:01:06,126 - INFO - Metrics table ensured in DB.
2025-01-04 01:32:29,274 - INFO - Client disconnected from metrics_stream stream.
2025-01-04 14:44:04,507 - INFO - Bot initialized with settings.
2025-01-04 14:44:04,510 - INFO - Metrics table ensured in DB.
2025-01-04 14:44:08,905 - INFO - Bot initialized with settings.
2025-01-04 14:44:08,908 - INFO - Metrics table ensured in DB.
2025-01-04 14:44:21,490 - INFO - Bot initialized with settings.
2025-01-04 14:44:21,492 - INFO - Metrics table ensured in DB.
2025-01-04 14:44:27,265 - INFO - Bot initialized with settings.
2025-01-04 14:44:27,267 - INFO - Metrics table ensured in DB.
2025-01-04 16:12:41,564 - INFO - Bot initialized with settings.
2025-01-04 16:12:41,566 - INFO - Metrics table ensured in DB.
2025-01-04 16:12:46,026 - INFO - Bot initialized with settings.
2025-01-04 16:12:46,029 - INFO - Metrics table ensured in DB.
2025-01-04 16:18:19,039 - INFO - Bot initialized with settings.
2025-01-04 16:18:19,042 - INFO - Metrics table ensured in DB.
2025-01-04 16:18:44,213 - INFO - Bot initialized with settings.
2025-01-04 16:18:44,215 - INFO - Metrics table ensured in DB.
2025-01-04 16:19:27,894 - INFO - Bot initialized with settings.
2025-01-04 16:19:27,897 - INFO - Metrics table ensured in DB.
2025-01-04 16:21:35,744 - INFO - Bot initialized with settings.
2025-01-04 16:21:35,747 - INFO - Metrics table ensured in DB.
2025-01-04 16:23:02,079 - INFO - Bot initialized with settings.
2025-01-04 16:23:02,081 - INFO - Metrics table ensured in DB.
2025-01-04 16:26:28,464 - INFO - Bot initialized with settings.
2025-01-04 16:26:28,466 - INFO - Metrics table ensured in DB.
2025-01-04 16:27:25,170 - INFO - Bot initialized with settings.
2025-01-04 16:27:25,176 - INFO - Metrics table ensured in DB.
2025-01-04 16:30:17,659 - INFO - Bot initialized with settings.
2025-01-04 16:30:17,662 - INFO - Metrics table ensured in DB.
2025-01-04 16:30:25,494 - INFO - Bot initialized with settings.
2025-01-04 16:30:25,496 - INFO - Metrics table ensured in DB.
2025-01-04 16:34:44,656 - INFO - Bot initialized with settings.
2025-01-04 16:34:44,658 - INFO - Metrics table ensured in DB.
2025-01-04 16:35:01,508 - INFO - Bot initialized with settings.
2025-01-04 16:35:01,511 - INFO - Metrics table ensured in DB.
2025-01-04 16:38:25,438 - INFO - Bot initialized with settings.
2025-01-04 16:38:25,440 - INFO - Metrics table ensured in DB.
2025-01-04 16:38:29,561 - INFO - Bot initialized with settings.
2025-01-04 16:38:29,564 - INFO - Metrics table ensured in DB.
2025-01-04 16:38:30,680 - INFO - Client disconnected from metrics_stream stream.
2025-01-04 16:40:51,916 - INFO - Client disconnected from metrics_stream stream.
2025-01-04 16:57:30,919 - INFO - Bot initialized with settings.
2025-01-04 16:57:30,922 - INFO - Metrics table ensured in DB.
2025-01-04 16:58:48,626 - INFO - Bot initialized with settings.
2025-01-04 16:58:48,630 - INFO - Metrics table ensured in DB.
2025-01-04 17:00:35,752 - INFO - Bot initialized with settings.
2025-01-04 17:00:35,755 - INFO - Metrics table ensured in DB.
2025-01-04 17:00:39,648 - INFO - Client disconnected from metrics_stream stream.
2025-01-04 17:47:12,259 - INFO - Bot initialized with settings.
2025-01-04 17:47:12,262 - INFO - Metrics table ensured in DB.
2025-01-04 17:48:06,921 - INFO - Bot initialized with settings.
2025-01-04 17:48:06,924 - INFO - Metrics table ensured in DB.
2025-01-04 17:48:23,765 - INFO - Bot initialized with settings.
2025-01-04 17:48:23,768 - INFO - Metrics table ensured in DB.
2025-01-04 17:48:32,652 - INFO - Bot initialized with settings.
2025-01-04 17:48:32,654 - INFO - Metrics table ensured in DB.
2025-01-04 17:58:44,157 - INFO - Bot initialized with settings.
2025-01-04 17:58:44,160 - INFO - Metrics table ensured in DB.
2025-01-04 17:58:48,478 - INFO - Bot initialized with settings.
2025-01-04 17:58:48,482 - INFO - Metrics table ensured in DB.
2025-01-04 17:58:49,608 - INFO - Client disconnected from metrics_stream stream.
2025-01-04 17:58:54,335 - INFO - Bot initialized with settings.
2025-01-04 17:58:54,337 - INFO - Metrics table ensured in DB.
2025-01-04 18:00:27,926 - INFO - Bot initialized with settings.
2025-01-04 18:00:27,930 - INFO - Metrics table ensured in DB.
2025-01-04 18:01:05,732 - INFO - Bot initialized with settings.
2025-01-04 18:01:05,735 - INFO - Metrics table ensured in DB.
2025-01-04 18:05:00,866 - INFO - Bot initialized with settings.
2025-01-04 18:05:00,870 - INFO - Metrics table ensured in DB.
2025-01-04 18:05:04,914 - INFO - Bot initialized with settings.
2025-01-04 18:05:04,917 - INFO - Metrics table ensured in DB.
2025-01-04 18:05:09,045 - INFO - Client disconnected from metrics_stream stream.
2025-01-04 18:05:28,606 - INFO - Client disconnected from metrics_stream stream.
2025-01-04 18:05:44,717 - INFO - Client disconnected from metrics_stream stream.
2025-01-04 18:07:53,682 - INFO - Client disconnected from metrics_stream stream.
2025-01-04 18:11:01,956 - INFO - Bot initialized with settings.
2025-01-04 18:11:01,961 - INFO - Metrics table ensured in DB.
2025-01-04 18:11:06,228 - INFO - Bot initialized with settings.
2025-01-04 18:11:06,231 - INFO - Metrics table ensured in DB.
2025-01-04 18:14:14,675 - INFO - Bot initialized with settings.
2025-01-04 18:14:14,679 - INFO - Metrics table ensured in DB.
2025-01-04 18:16:57,940 - INFO - Bot initialized with settings.
2025-01-04 18:16:57,952 - INFO - Bot initialized with settings.
2025-01-04 18:16:58,139 - INFO - Bot initialized with settings.
2025-01-04 18:17:04,011 - INFO - Bot initialized with settings.
2025-01-04 18:17:04,016 - INFO - Metrics table ensured in DB.
2025-01-04 18:17:36,666 - INFO - Bot initialized with settings.
2025-01-04 18:17:36,668 - INFO - Metrics table ensured in DB.
2025-01-04 18:18:35,402 - INFO - Bot initialized with settings.
2025-01-04 18:18:35,405 - INFO - Metrics table ensured in DB.
2025-01-04 18:21:56,353 - INFO - Bot initialized with settings.
2025-01-04 18:21:56,402 - INFO - Bot initialized with settings.
2025-01-04 18:21:56,425 - INFO - Bot initialized with settings.
2025-01-04 18:21:56,476 - INFO - Bot initialized with settings.
2025-01-04 18:21:56,501 - INFO - Bot initialized with settings.
2025-01-04 18:21:56,541 - INFO - Bot initialized with settings.
2025-01-04 18:21:56,550 - INFO - Bot initialized with settings.
2025-01-04 18:21:56,551 - INFO - Bot initialized with settings.
2025-01-04 18:26:55,239 - INFO - Bot initialized with settings.
2025-01-04 18:26:55,243 - INFO - Bot initialized with settings.
2025-01-04 18:26:55,305 - INFO - Bot initialized with settings.
2025-01-04 18:26:55,408 - INFO - Bot initialized with settings.
2025-01-04 18:26:55,495 - INFO - Bot initialized with settings.
2025-01-04 18:26:55,521 - INFO - Bot initialized with settings.
2025-01-04 18:26:55,539 - INFO - Bot initialized with settings.
2025-01-04 18:26:55,554 - INFO - Bot initialized with settings.
2025-01-04 18:27:38,482 - INFO - Bot initialized with settings.
2025-01-04 18:27:38,485 - INFO - Metrics table ensured in DB.
2025-01-04 18:27:44,747 - INFO - Bot initialized with settings.
2025-01-04 18:27:44,749 - INFO - Metrics table ensured in DB.
2025-01-04 18:30:41,594 - INFO - Bot initialized with settings.
2025-01-04 18:30:41,597 - INFO - Metrics table ensured in DB.
2025-01-04 18:30:45,866 - INFO - Bot initialized with settings.
2025-01-04 18:30:45,868 - INFO - Metrics table ensured in DB.
2025-01-04 18:36:37,717 - INFO - Bot initialized with settings.
2025-01-04 18:36:37,735 - INFO - Bot initialized with settings.
2025-01-04 18:36:37,746 - INFO - Bot initialized with settings.
2025-01-04 18:36:37,750 - INFO - Bot initialized with settings.
2025-01-04 18:36:38,022 - INFO - Bot initialized with settings.
2025-01-04 18:36:38,050 - INFO - Bot initialized with settings.
2025-01-04 18:36:38,081 - INFO - Bot initialized with settings.
2025-01-04 18:36:38,084 - INFO - Bot initialized with settings.
2025-01-04 18:36:40,279 - INFO - Bot initialized with settings.
2025-01-04 18:36:40,291 - INFO - Bot initialized with settings.
2025-01-04 18:36:40,316 - INFO - Bot initialized with settings.
2025-01-04 18:36:40,318 - INFO - Bot initialized with settings.
2025-01-04 18:36:40,371 - INFO - Bot initialized with settings.
2025-01-04 18:36:40,383 - INFO - Bot initialized with settings.
2025-01-04 18:36:40,418 - INFO - Bot initialized with settings.
2025-01-04 18:41:37,265 - INFO - Bot initialized with settings.
2025-01-04 18:41:37,266 - INFO - Bot initialized with settings.
2025-01-04 18:41:37,297 - INFO - Bot initialized with settings.
2025-01-04 18:41:37,316 - INFO - Bot initialized with settings.
2025-01-04 18:41:37,349 - INFO - Bot initialized with settings.
2025-01-04 18:41:37,524 - INFO - Bot initialized with settings.
2025-01-04 18:41:37,525 - INFO - Bot initialized with settings.
2025-01-04 18:41:37,607 - INFO - Bot initialized with settings.
2025-01-04 18:41:38,870 - INFO - Bot initialized with settings.
2025-01-04 18:41:38,931 - INFO - Bot initialized with settings.
2025-01-04 18:41:38,932 - INFO - Bot initialized with settings.
2025-01-04 18:41:38,940 - INFO - Bot initialized with settings.
2025-01-04 18:41:38,944 - INFO - Bot initialized with settings.
2025-01-04 18:41:38,950 - INFO - Bot initialized with settings.
2025-01-04 18:41:38,970 - INFO - Bot initialized with settings.
2025-01-04 18:41:39,064 - INFO - Bot initialized with settings.
2025-01-04 18:46:36,025 - INFO - Bot initialized with settings.
2025-01-04 18:46:36,039 - INFO - Bot initialized with settings.
2025-01-04 18:46:36,257 - INFO - Bot initialized with settings.
2025-01-04 18:46:36,258 - INFO - Bot initialized with settings.
2025-01-04 18:46:36,264 - INFO - Bot initialized with settings.
2025-01-04 18:46:36,270 - INFO - Bot initialized with settings.
2025-01-04 18:46:36,271 - INFO - Bot initialized with settings.
2025-01-04 18:46:36,279 - INFO - Bot initialized with settings.
2025-01-04 18:46:36,668 - INFO - Bot initialized with settings.
2025-01-04 18:46:36,693 - INFO - Bot initialized with settings.
2025-01-04 18:46:36,794 - INFO - Bot initialized with settings.
2025-01-04 18:46:36,797 - INFO - Bot initialized with settings.
2025-01-04 18:46:36,802 - INFO - Bot initialized with settings.
2025-01-04 18:46:36,869 - INFO - Bot initialized with settings.
2025-01-04 18:46:36,879 - INFO - Bot initialized with settings.
2025-01-04 18:46:37,250 - INFO - Bot initialized with settings.
2025-01-04 18:51:36,081 - INFO - Bot initialized with settings.
2025-01-04 18:51:36,114 - INFO - Bot initialized with settings.
2025-01-04 18:51:36,149 - INFO - Bot initialized with settings.
2025-01-04 18:51:36,159 - INFO - Bot initialized with settings.
2025-01-04 18:51:36,167 - INFO - Bot initialized with settings.
2025-01-04 18:51:36,180 - INFO - Bot initialized with settings.
2025-01-04 18:51:36,183 - INFO - Bot initialized with settings.
2025-01-04 18:51:36,204 - INFO - Bot initialized with settings.
2025-01-04 18:51:37,873 - INFO - Bot initialized with settings.
2025-01-04 18:51:37,879 - INFO - Bot initialized with settings.
2025-01-04 18:51:37,883 - INFO - Bot initialized with settings.
2025-01-04 18:51:42,562 - INFO - Bot initialized with settings.
2025-01-04 18:51:42,566 - INFO - Metrics table ensured in DB.
2025-01-04 18:56:36,087 - INFO - Bot initialized with settings.
2025-01-04 18:56:36,127 - INFO - Bot initialized with settings.
2025-01-04 18:56:36,166 - INFO - Bot initialized with settings.
2025-01-04 18:56:36,193 - INFO - Bot initialized with settings.
2025-01-04 18:56:36,229 - INFO - Bot initialized with settings.
2025-01-04 18:56:36,229 - INFO - Bot initialized with settings.
2025-01-04 18:56:36,234 - INFO - Bot initialized with settings.
2025-01-04 18:56:36,248 - INFO - Bot initialized with settings.
2025-01-04 18:57:29,521 - INFO - Bot initialized with settings.
2025-01-04 18:57:29,532 - INFO - Bot initialized with settings.
2025-01-04 18:57:34,378 - INFO - Bot initialized with settings.
2025-01-04 18:57:34,382 - INFO - Metrics table ensured in DB.
2025-01-04 19:01:35,352 - INFO - Bot initialized with settings.
2025-01-04 19:01:35,361 - INFO - Bot initialized with settings.
2025-01-04 19:01:35,362 - INFO - Bot initialized with settings.
2025-01-04 19:01:35,463 - INFO - Bot initialized with settings.
2025-01-04 19:01:35,469 - INFO - Bot initialized with settings.
2025-01-04 19:01:35,638 - INFO - Bot initialized with settings.
2025-01-04 19:01:35,640 - INFO - Bot initialized with settings.
2025-01-04 19:01:35,680 - INFO - Bot initialized with settings.
2025-01-04 19:01:36,174 - INFO - Bot initialized with settings.
2025-01-04 19:01:36,176 - INFO - Metrics table ensured in DB.
2025-01-04 19:06:37,921 - INFO - Bot initialized with settings.
2025-01-04 19:06:37,960 - INFO - Bot initialized with settings.
2025-01-04 19:06:37,983 - INFO - Bot initialized with settings.
2025-01-04 19:06:37,992 - INFO - Bot initialized with settings.
2025-01-04 19:06:38,062 - INFO - Bot initialized with settings.
2025-01-04 19:06:38,159 - INFO - Bot initialized with settings.
2025-01-04 19:06:38,169 - INFO - Bot initialized with settings.
2025-01-04 19:06:38,185 - INFO - Bot initialized with settings.
2025-01-04 21:16:54,422 - INFO - Bot initialized with settings.
2025-01-04 21:16:54,422 - INFO - Bot initialized with settings.
2025-01-04 21:16:54,422 - INFO - Bot initialized with settings.
2025-01-04 21:16:54,422 - INFO - Bot initialized with settings.
2025-01-04 21:16:54,423 - INFO - Bot initialized with settings.
2025-01-04 21:16:54,423 - INFO - Bot initialized with settings.
2025-01-04 21:16:54,423 - INFO - Bot initialized with settings.
2025-01-04 21:16:54,423 - INFO - Bot initialized with settings.
2025-01-04 21:16:56,479 - INFO - Bot initialized with settings.
2025-01-04 21:16:56,481 - INFO - Metrics table ensured in DB.
2025-01-04 21:17:00,748 - INFO - Bot initialized with settings.
2025-01-04 21:17:00,750 - INFO - Metrics table ensured in DB.
2025-01-04 21:18:20,351 - INFO - Bot initialized with settings.
2025-01-04 21:18:20,354 - INFO - Metrics table ensured in DB.
2025-01-04 21:21:51,321 - INFO - Bot initialized with settings.
2025-01-04 21:21:51,476 - INFO - Bot initialized with settings.
2025-01-04 21:21:51,862 - INFO - Bot initialized with settings.
2025-01-04 21:26:51,303 - INFO - Bot initialized with settings.
2025-01-04 21:26:51,325 - INFO - Bot initialized with settings.
2025-01-04 21:26:51,339 - INFO - Bot initialized with settings.
2025-01-04 21:26:51,341 - INFO - Bot initialized with settings.
2025-01-04 21:26:51,345 - INFO - Bot initialized with settings.
2025-01-04 21:26:51,361 - INFO - Bot initialized with settings.
2025-01-04 21:26:51,372 - INFO - Bot initialized with settings.
2025-01-04 21:26:51,373 - INFO - Bot initialized with settings.
2025-01-04 21:31:33,394 - INFO - Bot initialized with settings.
2025-01-04 21:31:33,397 - INFO - Metrics table ensured in DB.
2025-01-04 21:31:50,950 - INFO - Bot initialized with settings.
2025-01-04 21:31:51,048 - INFO - Bot initialized with settings.
2025-01-04 21:31:51,157 - INFO - Bot initialized with settings.
2025-01-04 21:33:05,226 - INFO - Bot initialized with settings.
2025-01-04 21:33:05,228 - INFO - Metrics table ensured in DB.
2025-01-04 21:35:53,054 - INFO - Bot initialized with settings.
2025-01-04 21:35:53,057 - INFO - Metrics table ensured in DB.
2025-01-04 21:36:50,931 - INFO - Bot initialized with settings.
2025-01-04 21:41:51,693 - INFO - Bot initialized with settings.
2025-01-04 21:41:51,707 - INFO - Bot initialized with settings.
2025-01-04 21:41:51,728 - INFO - Bot initialized with settings.
2025-01-04 21:41:51,843 - INFO - Bot initialized with settings.
2025-01-04 21:41:51,858 - INFO - Bot initialized with settings.
2025-01-04 21:41:51,876 - INFO - Bot initialized with settings.
2025-01-04 21:41:51,879 - INFO - Bot initialized with settings.
2025-01-04 21:41:51,888 - INFO - Bot initialized with settings.
2025-01-04 21:42:11,698 - INFO - Bot initialized with settings.
2025-01-04 21:42:11,701 - INFO - Metrics table ensured in DB.
2025-01-04 21:46:51,944 - INFO - Bot initialized with settings.
2025-01-04 21:46:51,987 - INFO - Bot initialized with settings.
2025-01-04 21:46:52,053 - INFO - Bot initialized with settings.
2025-01-04 21:46:52,084 - INFO - Bot initialized with settings.
2025-01-04 21:46:52,112 - INFO - Bot initialized with settings.
2025-01-04 21:46:52,171 - INFO - Bot initialized with settings.
2025-01-04 21:46:52,178 - INFO - Bot initialized with settings.
2025-01-04 21:46:52,202 - INFO - Bot initialized with settings.
2025-01-04 21:50:08,821 - INFO - Bot initialized with settings.
2025-01-04 21:50:08,824 - INFO - Metrics table ensured in DB.
2025-01-04 21:51:50,833 - INFO - Bot initialized with settings.
2025-01-04 21:51:50,839 - INFO - Bot initialized with settings.
2025-01-04 21:51:50,880 - INFO - Bot initialized with settings.
2025-01-04 21:51:50,897 - INFO - Bot initialized with settings.
2025-01-04 21:51:51,013 - INFO - Bot initialized with settings.
2025-01-04 21:51:51,061 - INFO - Bot initialized with settings.
2025-01-04 21:53:32,887 - INFO - Bot initialized with settings.
2025-01-04 21:53:32,889 - INFO - Metrics table ensured in DB.
2025-01-04 21:56:47,270 - INFO - Bot initialized with settings.
2025-01-04 21:56:47,275 - INFO - Metrics table ensured in DB.
2025-01-04 21:56:51,350 - INFO - Bot initialized with settings.
2025-01-04 21:56:51,377 - INFO - Bot initialized with settings.
2025-01-04 21:56:51,382 - INFO - Bot initialized with settings.
2025-01-04 21:56:51,389 - INFO - Bot initialized with settings.
2025-01-04 21:56:51,390 - INFO - Bot initialized with settings.
2025-01-04 21:56:51,402 - INFO - Bot initialized with settings.
2025-01-04 21:56:51,415 - INFO - Bot initialized with settings.
2025-01-04 21:56:51,485 - INFO - Bot initialized with settings.
2025-01-04 22:01:53,691 - INFO - Bot initialized with settings.
2025-01-04 22:01:53,854 - INFO - Bot initialized with settings.
2025-01-04 22:01:54,013 - INFO - Bot initialized with settings.
2025-01-04 22:01:54,069 - INFO - Bot initialized with settings.
2025-01-04 22:01:54,093 - INFO - Bot initialized with settings.
2025-01-04 22:01:54,129 - INFO - Bot initialized with settings.
2025-01-04 22:01:54,149 - INFO - Bot initialized with settings.
2025-01-04 22:01:56,824 - INFO - Bot initialized with settings.
2025-01-04 22:01:56,861 - INFO - Bot initialized with settings.
2025-01-04 22:06:53,059 - INFO - Bot initialized with settings.
2025-01-04 22:06:53,214 - INFO - Bot initialized with settings.
2025-01-04 22:06:53,383 - INFO - Bot initialized with settings.
2025-01-04 22:06:53,527 - INFO - Bot initialized with settings.
2025-01-04 22:06:53,641 - INFO - Bot initialized with settings.
2025-01-04 22:06:56,064 - INFO - Bot initialized with settings.
2025-01-04 22:11:44,998 - INFO - Bot initialized with settings.
2025-01-04 22:11:45,007 - INFO - Metrics table ensured in DB.
2025-01-04 22:11:50,496 - INFO - Bot initialized with settings.
2025-01-04 22:11:50,531 - INFO - Bot initialized with settings.
2025-01-04 22:11:50,569 - INFO - Bot initialized with settings.
2025-01-04 22:11:50,579 - INFO - Bot initialized with settings.
2025-01-04 22:11:50,651 - INFO - Bot initialized with settings.
2025-01-04 22:11:50,669 - INFO - Bot initialized with settings.
2025-01-04 22:11:50,692 - INFO - Bot initialized with settings.
2025-01-04 22:11:55,678 - INFO - Bot initialized with settings.
2025-01-04 22:11:55,681 - INFO - Metrics table ensured in DB.
2025-01-04 22:14:32,472 - INFO - Bot initialized with settings.
2025-01-04 22:14:32,480 - INFO - Metrics table ensured in DB.
2025-01-04 22:14:36,669 - INFO - Bot initialized with settings.
2025-01-04 22:14:36,672 - INFO - Metrics table ensured in DB.
2025-01-04 22:18:19,543 - INFO - Bot initialized with settings.
2025-01-04 22:18:19,545 - INFO - Metrics table ensured in DB.
2025-01-04 22:19:39,944 - INFO - Bot initialized with settings.
2025-01-04 22:19:40,856 - INFO - Bot initialized with settings.
2025-01-04 22:19:40,859 - INFO - Metrics table ensured in DB.
2025-01-04 22:21:49,974 - INFO - Bot initialized with settings.
2025-01-04 22:21:49,977 - INFO - Metrics table ensured in DB.
2025-01-04 22:21:54,170 - INFO - Bot initialized with settings.
2025-01-04 22:21:54,174 - INFO - Metrics table ensured in DB.
2025-01-04 22:26:57,279 - INFO - Bot initialized with settings.
2025-01-04 22:31:57,320 - INFO - Bot initialized with settings.
2025-01-04 22:31:57,326 - INFO - Bot initialized with settings.
2025-01-04 22:36:56,853 - INFO - Bot initialized with settings.
2025-01-04 22:41:56,743 - INFO - Bot initialized with settings.
2025-01-04 22:46:57,770 - INFO - Bot initialized with settings.
2025-01-04 22:47:13,555 - INFO - Bot initialized with settings.
2025-01-04 22:47:13,558 - INFO - Metrics table ensured in DB.
2025-01-04 22:48:35,732 - INFO - Bot initialized with settings.
2025-01-04 22:48:35,735 - INFO - Metrics table ensured in DB.
2025-01-04 22:48:53,876 - INFO - Bot initialized with settings.
2025-01-04 22:48:53,879 - INFO - Metrics table ensured in DB.
2025-01-04 22:49:08,867 - INFO - Bot initialized with settings.
2025-01-04 22:49:08,871 - INFO - Metrics table ensured in DB.
2025-01-04 22:49:31,233 - INFO - Bot initialized with settings.
2025-01-04 22:49:31,236 - INFO - Metrics table ensured in DB.
2025-01-04 22:49:35,481 - INFO - Bot initialized with settings.
2025-01-04 22:49:35,483 - INFO - Metrics table ensured in DB.
2025-01-04 22:54:38,768 - INFO - Bot initialized with settings.
2025-01-04 22:54:47,005 - INFO - Bot initialized with settings.
2025-01-04 22:59:39,011 - INFO - Bot initialized with settings.
2025-01-04 22:59:47,170 - INFO - Bot initialized with settings.
2025-01-05 15:29:36,794 - INFO - Bot initialized with settings.
2025-01-05 15:29:36,800 - INFO - Metrics table ensured in DB.
2025-01-05 15:29:42,223 - INFO - Bot initialized with settings.
2025-01-05 15:29:42,226 - INFO - Metrics table ensured in DB.
2025-01-05 15:31:21,272 - INFO - Bot initialized with settings.
2025-01-05 15:31:21,275 - INFO - Metrics table ensured in DB.
2025-01-05 15:31:25,545 - INFO - Bot initialized with settings.
2025-01-05 15:31:25,548 - INFO - Metrics table ensured in DB.
2025-01-05 15:31:46,994 - INFO - Bot initialized with settings.
2025-01-05 15:31:46,996 - INFO - Metrics table ensured in DB.
2025-01-05 15:36:28,893 - INFO - Bot initialized with settings.
2025-01-05 15:41:29,390 - INFO - Bot initialized with settings.
2025-01-05 15:41:29,396 - INFO - Bot initialized with settings.
2025-01-05 15:41:33,501 - INFO - Bot initialized with settings.
2025-01-05 15:41:33,504 - INFO - Metrics table ensured in DB.
2025-01-05 15:45:38,215 - INFO - Bot initialized with settings.
2025-01-05 15:45:38,217 - INFO - Metrics table ensured in DB.
2025-01-05 15:46:29,407 - INFO - Bot initialized with settings.
2025-01-05 15:47:51,878 - INFO - Bot initialized with settings.
2025-01-05 15:47:51,883 - INFO - Metrics table ensured in DB.
2025-01-05 15:48:39,119 - INFO - Bot initialized with settings.
2025-01-05 15:48:39,122 - INFO - Metrics table ensured in DB.
2025-01-05 15:51:28,704 - INFO - Bot initialized with settings.
2025-01-05 15:54:06,604 - INFO - Bot initialized with settings.
2025-01-05 15:54:06,606 - INFO - Metrics table ensured in DB.
2025-01-05 15:54:10,905 - INFO - Bot initialized with settings.
2025-01-05 15:54:10,907 - INFO - Metrics table ensured in DB.
2025-01-05 16:18:30,046 - INFO - Bot initialized with settings.
2025-01-05 16:18:30,050 - INFO - Metrics table ensured in DB.
2025-01-05 17:49:27,702 - INFO - Bot initialized with settings.
2025-01-05 17:49:27,708 - INFO - Metrics table ensured in DB.
2025-01-05 17:49:54,100 - INFO - Bot initialized with settings.
2025-01-05 17:49:54,104 - INFO - Metrics table ensured in DB.
2025-01-05 17:50:00,402 - INFO - Bot initialized with settings.
2025-01-05 17:50:00,405 - INFO - Metrics table ensured in DB.
2025-01-05 17:50:18,988 - INFO - Bot initialized with settings.
2025-01-05 17:50:18,991 - INFO - Metrics table ensured in DB.
2025-01-05 21:47:10,400 - INFO - Bot initialized with settings.
2025-01-05 21:47:10,410 - INFO - Metrics table ensured in DB.
2025-01-05 21:47:14,807 - INFO - Bot initialized with settings.
2025-01-05 21:47:14,810 - INFO - Metrics table ensured in DB.
2025-01-05 21:53:34,855 - INFO - Bot initialized with settings.
2025-01-05 21:53:34,858 - INFO - Metrics table ensured in DB.
2025-01-05 22:00:45,341 - INFO - Bot initialized with settings.
2025-01-05 22:00:45,344 - INFO - Metrics table ensured in DB.
2025-01-05 22:03:34,393 - INFO - Bot initialized with settings.
2025-01-05 22:03:34,396 - INFO - Metrics table ensured in DB.
2025-01-05 22:03:38,694 - INFO - Bot initialized with settings.
2025-01-05 22:03:38,697 - INFO - Metrics table ensured in DB.
2025-01-05 22:03:45,771 - INFO - Bot initialized with settings.
2025-01-05 22:03:45,775 - INFO - Metrics table ensured in DB.
2025-01-05 22:03:54,253 - ERROR - Error stopping bot: 'TradingBot' object has no attribute 'trading_thread'
2025-01-05 22:04:42,704 - ERROR - Error in history_data: 'TradingBot' object has no attribute 'get_oanda_trade_history'
2025-01-05 22:34:15,593 - INFO - Bot initialized with settings.
2025-01-05 22:34:15,596 - INFO - Metrics table ensured in DB.
2025-01-05 22:34:37,972 - INFO - Bot initialized with settings.
2025-01-05 22:34:37,974 - INFO - Metrics table ensured in DB.
2025-01-05 22:34:52,775 - INFO - Bot initialized with settings.
2025-01-05 22:34:52,778 - INFO - Metrics table ensured in DB.
2025-01-05 22:38:54,453 - INFO - Bot initialized with settings.
2025-01-05 22:38:54,456 - INFO - Metrics table ensured in DB.
2025-01-05 22:42:19,880 - INFO - Bot initialized with settings.
2025-01-05 22:42:19,883 - INFO - Metrics table ensured in DB.
2025-01-05 22:42:24,223 - INFO - Client disconnected from metrics_stream stream.
2025-01-05 22:42:26,990 - INFO - Client disconnected from metrics_stream stream.
2025-01-05 22:42:26,993 - INFO - Client disconnected from metrics_stream stream.
2025-01-05 22:42:41,546 - INFO - Client disconnected from metrics_stream stream.
2025-01-05 22:42:41,558 - INFO - Client disconnected from metrics_stream stream.
2025-01-05 22:46:09,969 - INFO - Bot initialized with settings.
2025-01-05 22:46:09,972 - INFO - Metrics table ensured in DB.
2025-01-05 22:48:04,273 - INFO - Client disconnected from metrics_stream stream.
2025-01-05 22:48:50,339 - ERROR - Error in history_data: 'TradingBot' object has no attribute 'get_oanda_trade_history'
2025-01-05 22:48:51,451 - INFO - Client disconnected from metrics_stream stream.
2025-01-05 22:48:51,453 - INFO - Client disconnected from metrics_stream stream.
2025-01-05 22:51:36,188 - INFO - Bot initialized with settings.
2025-01-05 22:51:36,193 - INFO - Metrics table ensured in DB.
2025-01-05 22:51:56,176 - INFO - Bot initialized with settings.
2025-01-05 22:51:56,178 - INFO - Metrics table ensured in DB.
2025-01-05 23:14:17,754 - INFO - Bot initialized with settings.
2025-01-05 23:14:17,756 - INFO - Metrics table ensured in DB.
2025-01-05 23:14:21,753 - INFO - Bot initialized with settings.
2025-01-05 23:14:21,755 - INFO - Metrics table ensured in DB.
2025-01-05 23:14:52,567 - INFO - Bot initialized with settings.
2025-01-05 23:14:52,570 - INFO - Metrics table ensured in DB.
2025-01-05 23:15:21,702 - ERROR - Error in history_data: 'TradingBot' object has no attribute 'base_url'
2025-01-05 23:15:29,986 - ERROR - Error in history_data: 'TradingBot' object has no attribute 'base_url'
2025-01-05 23:16:20,887 - INFO - Client disconnected from metrics_stream stream.
2025-01-05 23:16:21,096 - INFO - Client disconnected from metrics_stream stream.
2025-01-06 11:24:01,672 - ERROR - Error in history_data: 'TradingBot' object has no attribute 'base_url'
2025-01-06 11:24:37,920 - INFO - Client disconnected from metrics_stream stream.
2025-01-06 11:52:38,724 - INFO - Bot initialized with settings.
2025-01-06 11:52:38,727 - INFO - Metrics table ensured in DB.
2025-01-06 11:59:04,583 - INFO - Bot initialized with settings.
2025-01-06 11:59:04,585 - INFO - Metrics table ensured in DB.
2025-01-06 11:59:37,823 - INFO - Bot initialized with settings.
2025-01-06 11:59:37,827 - INFO - Metrics table ensured in DB.
2025-01-06 11:59:53,111 - INFO - Bot initialized with settings.
2025-01-06 11:59:53,114 - INFO - Metrics table ensured in DB.
2025-01-06 12:00:03,009 - INFO - Bot initialized with settings.
2025-01-06 12:00:03,013 - INFO - Metrics table ensured in DB.
2025-01-06 12:01:41,644 - INFO - Bot initialized with settings.
2025-01-06 12:01:41,647 - INFO - Metrics table ensured in DB.
2025-01-06 12:01:50,686 - INFO - Bot initialized with settings.
2025-01-06 12:01:50,689 - INFO - Metrics table ensured in DB.
2025-01-06 12:01:55,325 - INFO - Bot initialized with settings.
2025-01-06 12:01:55,330 - INFO - Metrics table ensured in DB.
2025-01-06 12:02:14,862 - ERROR - Error in history_data: 'TradingBot' object has no attribute 'base_url'
2025-01-06 12:02:23,223 - INFO - Client disconnected from metrics_stream stream.
2025-01-06 12:02:24,651 - INFO - Client disconnected from metrics_stream stream.
2025-01-06 12:02:24,750 - INFO - Client disconnected from metrics_stream stream.
2025-01-06 12:02:25,380 - INFO - Client disconnected from metrics_stream stream.
2025-01-06 12:03:00,319 - INFO - Client disconnected from metrics_stream stream.
2025-01-06 12:03:00,526 - INFO - Client disconnected from metrics_stream stream.
2025-01-06 12:06:35,001 - INFO - Bot initialized with settings.
2025-01-06 12:06:35,004 - INFO - Metrics table ensured in DB.
2025-01-06 12:06:37,423 - ERROR - Settings file not found.
2025-01-06 12:06:38,257 - ERROR - Settings file not found.
2025-01-06 12:10:31,116 - INFO - Settings saved successfully.
2025-01-06 12:10:31,116 - INFO - Bot initialized with settings.
2025-01-06 12:10:31,119 - INFO - Metrics table ensured in DB.
2025-01-06 12:10:39,290 - INFO - Bot initialized with settings.
2025-01-06 12:10:39,293 - INFO - Metrics table ensured in DB.
2025-01-06 12:11:49,001 - INFO - Bot initialized with settings.
2025-01-06 12:11:49,003 - INFO - Metrics table ensured in DB.
2025-01-06 12:11:54,792 - INFO - Bot initialized with settings.
2025-01-06 12:11:54,794 - INFO - Metrics table ensured in DB.
2025-01-06 12:12:06,015 - ERROR - Error in history_data: 'TradingBot' object has no attribute 'base_url'
2025-01-06 12:12:41,391 - INFO - Bot initialized with settings.
2025-01-06 12:12:41,393 - INFO - Metrics table ensured in DB.
2025-01-06 12:13:44,654 - ERROR - Error in history_data: 'TradingBot' object has no attribute 'base_url'
2025-01-06 12:13:46,518 - ERROR - Error in history_data: 'TradingBot' object has no attribute 'base_url'
2025-01-06 12:13:52,273 - INFO - Client disconnected from metrics_stream stream.
2025-01-06 12:14:52,203 - INFO - Client disconnected from metrics_stream stream.
2025-01-06 12:15:30,153 - INFO - Client disconnected from metrics_stream stream.
2025-01-06 12:15:31,028 - ERROR - Error in history_data: 'TradingBot' object has no attribute 'base_url'
2025-01-06 12:15:32,874 - ERROR - Error in history_data: 'TradingBot' object has no attribute 'base_url'
2025-01-06 12:16:30,892 - INFO - Client disconnected from metrics_stream stream.
2025-01-06 12:16:36,110 - INFO - Client disconnected from metrics_stream stream.
2025-01-06 12:16:37,832 - ERROR - Error in history_data: 'TradingBot' object has no attribute 'base_url'
2025-01-06 12:17:30,555 - INFO - Client disconnected from metrics_stream stream.
2025-01-06 12:25:43,826 - INFO - Bot initialized with settings.
2025-01-06 12:25:43,829 - INFO - Metrics table ensured in DB.
2025-01-06 12:25:47,858 - INFO - Bot initialized with settings.
2025-01-06 12:25:47,861 - INFO - Metrics table ensured in DB.
2025-01-06 12:53:52,697 - INFO - Client disconnected from metrics_stream stream.
2025-01-06 12:57:18,789 - INFO - Client disconnected from metrics_stream stream.
2025-01-06 12:58:11,339 - INFO - Client disconnected from metrics_stream stream.
2025-01-06 13:04:06,309 - ERROR - Error in history_data: 'TradingBot' object has no attribute 'base_url'
2025-01-06 13:07:05,877 - ERROR - Error in history_data: 'TradingBot' object has no attribute 'base_url'
2025-01-06 13:07:08,614 - ERROR - Error in history_data: 'TradingBot' object has no attribute 'base_url'
2025-01-06 22:44:53,568 - INFO - Bot initialized with settings.
2025-01-06 22:44:53,573 - INFO - Metrics table ensured in DB.
2025-01-06 22:44:58,758 - INFO - Bot initialized with settings.
2025-01-06 22:44:58,761 - INFO - Metrics table ensured in DB.
2025-01-06 22:45:05,011 - INFO - Bot initialized with settings.
2025-01-06 22:45:05,013 - INFO - Metrics table ensured in DB.
2025-01-06 22:45:11,497 - INFO - Client disconnected from metrics_stream stream.
2025-01-06 22:45:16,023 - INFO - Client disconnected from metrics_stream stream.
2025-01-07 11:47:01,839 - INFO - Client disconnected from metrics_stream stream.
2025-01-07 19:16:49,993 - INFO - Client disconnected from metrics_stream stream.
2025-01-07 19:36:55,068 - INFO - Bot initialized with settings.
2025-01-07 19:36:55,071 - INFO - Metrics table ensured in DB.
2025-01-07 19:42:14,325 - INFO - Bot initialized with settings.
2025-01-07 19:42:14,328 - INFO - Metrics table ensured in DB.
2025-01-07 19:44:13,362 - INFO - Bot initialized with settings.
2025-01-07 19:44:13,364 - INFO - Metrics table ensured in DB.
2025-01-07 19:45:25,818 - INFO - Bot initialized with settings.
2025-01-07 19:45:25,821 - INFO - Metrics table ensured in DB.
2025-01-07 19:46:53,511 - INFO - Bot initialized with settings.
2025-01-07 19:46:53,513 - INFO - Metrics table ensured in DB.
2025-01-07 19:58:54,293 - INFO - Bot initialized with settings.
2025-01-07 19:58:54,296 - INFO - Metrics table ensured in DB.
2025-01-07 19:59:32,232 - INFO - Client disconnected from metrics_stream stream.
2025-01-07 20:05:40,478 - INFO - Bot initialized with settings.
2025-01-07 20:05:40,481 - INFO - Metrics table ensured in DB.
2025-01-07 20:06:27,452 - INFO - Bot initialized with settings.
2025-01-07 20:06:27,455 - INFO - Metrics table ensured in DB.
2025-01-07 20:06:45,693 - INFO - Bot initialized with settings.
2025-01-07 20:06:45,695 - INFO - Metrics table ensured in DB.
2025-01-07 20:07:07,365 - INFO - Bot initialized with settings.
2025-01-07 20:07:07,368 - INFO - Metrics table ensured in DB.
2025-01-07 20:07:45,537 - INFO - Bot initialized with settings.
2025-01-07 20:07:45,540 - INFO - Metrics table ensured in DB.
2025-01-07 20:07:57,216 - INFO - Client disconnected from metrics_stream stream.
2025-01-07 20:08:00,072 - INFO - Client disconnected from metrics_stream stream.
2025-01-07 20:10:43,650 - INFO - Bot initialized with settings.
2025-01-07 20:10:43,653 - INFO - Metrics table ensured in DB.
2025-01-07 20:10:50,225 - INFO - Client disconnected from metrics_stream stream.
2025-01-07 20:16:07,748 - INFO - Bot initialized with settings.
2025-01-07 20:16:07,751 - INFO - Metrics table ensured in DB.
2025-01-07 20:16:12,131 - INFO - Bot initialized with settings.
2025-01-07 20:16:12,134 - INFO - Metrics table ensured in DB.
2025-01-07 20:16:19,261 - INFO - Client disconnected from metrics_stream stream.
2025-01-07 20:21:47,383 - INFO - Bot initialized with settings.
2025-01-07 20:21:47,387 - INFO - Metrics table ensured in DB.
2025-01-07 20:21:52,174 - INFO - Bot initialized with settings.
2025-01-07 20:21:52,177 - INFO - Metrics table ensured in DB.
2025-01-07 20:22:06,314 - INFO - Client disconnected from metrics_stream stream.
2025-01-07 20:24:09,708 - INFO - Bot initialized with settings.
2025-01-07 20:24:09,711 - INFO - Metrics table ensured in DB.
2025-01-07 20:24:13,906 - INFO - Bot initialized with settings.
2025-01-07 20:24:13,909 - INFO - Metrics table ensured in DB.
2025-01-07 20:24:28,043 - INFO - Client disconnected from metrics_stream stream.
2025-01-07 20:28:45,146 - INFO - Bot initialized with settings.
2025-01-07 20:28:45,150 - INFO - Metrics table ensured in DB.
2025-01-07 20:29:19,720 - INFO - Bot initialized with settings.
2025-01-07 20:29:19,723 - INFO - Metrics table ensured in DB.
2025-01-07 20:31:02,497 - INFO - Bot initialized with settings.
2025-01-07 20:31:02,500 - INFO - Metrics table ensured in DB.
2025-01-07 20:34:22,157 - INFO - Bot initialized with settings.
2025-01-07 20:34:22,159 - INFO - Metrics table ensured in DB.
2025-01-07 21:37:10,310 - INFO - Client disconnected from metrics_stream stream.
2025-01-08 12:50:43,031 - INFO - Bot initialized with settings.
2025-01-08 12:50:43,034 - INFO - Metrics table ensured in DB.
2025-01-08 12:50:59,204 - INFO - Bot initialized with settings.
2025-01-08 12:50:59,208 - INFO - Metrics table ensured in DB.
2025-01-08 12:51:13,896 - INFO - Bot initialized with settings.
2025-01-08 12:51:13,900 - INFO - Metrics table ensured in DB.
2025-01-08 12:51:31,970 - INFO - Bot initialized with settings.
2025-01-08 12:51:31,973 - INFO - Metrics table ensured in DB.
2025-01-08 12:51:45,502 - INFO - Bot initialized with settings.
2025-01-08 12:51:45,505 - INFO - Metrics table ensured in DB.
2025-01-08 12:51:48,367 - INFO - Client disconnected from metrics_stream stream.
2025-01-08 12:54:07,941 - INFO - Bot initialized with settings.
2025-01-08 12:54:07,943 - INFO - Metrics table ensured in DB.
2025-01-08 12:54:13,890 - INFO - Client disconnected from metrics_stream stream.
2025-01-08 12:54:57,903 - INFO - Bot initialized with settings.
2025-01-08 12:54:57,906 - INFO - Metrics table ensured in DB.
2025-01-08 12:55:05,886 - INFO - Client disconnected from metrics_stream stream.
2025-01-08 13:39:57,593 - INFO - Bot initialized with settings.
2025-01-08 13:39:57,596 - INFO - Metrics table ensured in DB.
2025-01-08 14:36:50,940 - INFO - Bot initialized with settings.
2025-01-08 14:36:50,943 - INFO - Metrics table ensured in DB.
2025-01-08 15:08:17,196 - INFO - Bot initialized with settings.
2025-01-08 15:08:17,200 - INFO - Metrics table ensured in DB.
2025-01-08 15:08:53,443 - INFO - Bot initialized with settings.
2025-01-08 15:08:53,446 - INFO - Metrics table ensured in DB.
2025-01-08 15:09:05,475 - INFO - Bot initialized with settings.
2025-01-08 15:09:05,478 - INFO - Metrics table ensured in DB.
2025-01-08 15:09:21,782 - INFO - Bot initialized with settings.
2025-01-08 15:09:21,785 - INFO - Metrics table ensured in DB.
2025-01-08 15:09:41,386 - INFO - Bot initialized with settings.
2025-01-08 15:09:41,389 - INFO - Metrics table ensured in DB.
2025-01-08 15:11:25,803 - INFO - Bot initialized with settings.
2025-01-08 15:11:25,805 - INFO - Metrics table ensured in DB.
2025-01-08 15:11:27,281 - INFO - Client disconnected from metrics_stream stream.
2025-01-08 15:11:32,972 - INFO - Bot initialized with settings.
2025-01-08 15:11:32,976 - INFO - Metrics table ensured in DB.
2025-01-08 15:11:35,227 - INFO - Client disconnected from metrics_stream stream.
2025-01-08 15:30:37,612 - INFO - Bot initialized with settings.
2025-01-08 15:30:37,615 - INFO - Metrics table ensured in DB.
2025-01-08 15:32:45,957 - INFO - Client disconnected from metrics_stream stream.
2025-01-08 15:34:22,547 - INFO - Bot initialized with settings.
2025-01-08 15:34:22,551 - INFO - Metrics table ensured in DB.
2025-01-08 15:34:26,921 - INFO - Bot initialized with settings.
2025-01-08 15:34:26,924 - INFO - Metrics table ensured in DB.
2025-01-08 15:34:30,060 - INFO - Client disconnected from metrics_stream stream.
2025-01-08 15:35:47,535 - INFO - Bot initialized with settings.
2025-01-08 15:35:47,537 - INFO - Metrics table ensured in DB.
2025-01-08 15:35:51,674 - INFO - Bot initialized with settings.
2025-01-08 15:35:51,677 - INFO - Metrics table ensured in DB.
2025-01-08 15:35:55,806 - INFO - Client disconnected from metrics_stream stream.
2025-01-08 15:38:40,811 - INFO - Bot initialized with settings.
2025-01-08 15:38:40,814 - INFO - Metrics table ensured in DB.
2025-01-08 15:38:42,237 - INFO - Client disconnected from metrics_stream stream.
2025-01-08 15:40:01,024 - INFO - Bot initialized with settings.
2025-01-08 15:40:01,027 - INFO - Metrics table ensured in DB.
2025-01-08 15:40:02,621 - INFO - Client disconnected from metrics_stream stream.
2025-01-08 15:42:03,158 - INFO - Bot initialized with settings.
2025-01-08 15:42:03,161 - INFO - Metrics table ensured in DB.
2025-01-08 15:42:09,030 - INFO - Bot initialized with settings.
2025-01-08 15:42:09,033 - INFO - Metrics table ensured in DB.
2025-01-08 15:42:16,901 - INFO - Client disconnected from metrics_stream stream.
2025-01-08 15:46:36,707 - INFO - Bot initialized with settings.
2025-01-08 15:46:36,709 - INFO - Metrics table ensured in DB.
2025-01-08 15:46:41,887 - INFO - Client disconnected from metrics_stream stream.
2025-01-08 15:48:12,650 - INFO - Bot initialized with settings.
2025-01-08 15:48:12,654 - INFO - Metrics table ensured in DB.
2025-01-08 15:48:25,894 - INFO - Client disconnected from metrics_stream stream.
2025-01-08 15:56:19,019 - INFO - Bot initialized with settings.
2025-01-08 15:56:19,022 - INFO - Metrics table ensured in DB.
2025-01-08 15:56:25,330 - INFO - Bot initialized with settings.
2025-01-08 15:56:25,332 - INFO - Metrics table ensured in DB.
2025-01-08 15:56:54,695 - INFO - Bot initialized with settings.
2025-01-08 15:56:54,698 - INFO - Metrics table ensured in DB.
2025-01-08 15:57:47,925 - INFO - Client disconnected from metrics_stream stream.
2025-01-08 15:59:12,225 - INFO - Bot initialized with settings.
2025-01-08 15:59:12,228 - INFO - Metrics table ensured in DB.
2025-01-08 15:59:13,844 - INFO - Client disconnected from metrics_stream stream.
2025-01-08 16:00:07,415 - INFO - Bot initialized with settings.
2025-01-08 16:00:07,418 - INFO - Metrics table ensured in DB.
2025-01-08 16:04:36,143 - INFO - Bot initialized with settings.
2025-01-08 16:04:36,145 - INFO - Metrics table ensured in DB.
2025-01-08 16:07:34,312 - INFO - Bot initialized with settings.
2025-01-08 16:07:34,315 - INFO - Metrics table ensured in DB.
2025-01-08 16:07:38,354 - INFO - Bot initialized with settings.
2025-01-08 16:07:38,356 - INFO - Metrics table ensured in DB.
2025-01-08 16:09:34,860 - INFO - Bot initialized with settings.
2025-01-08 16:09:34,863 - INFO - Metrics table ensured in DB.
2025-01-08 16:12:01,844 - INFO - Bot initialized with settings.
2025-01-08 16:12:01,847 - INFO - Metrics table ensured in DB.
2025-01-08 16:13:50,609 - INFO - Bot initialized with settings.
2025-01-08 16:13:50,612 - INFO - Metrics table ensured in DB.
2025-01-08 16:14:00,898 - INFO - Client disconnected from metrics_stream stream.
2025-01-08 16:14:06,172 - INFO - Bot initialized with settings.
2025-01-08 16:14:06,175 - INFO - Metrics table ensured in DB.
2025-01-08 16:14:27,510 - INFO - Bot initialized with settings.
2025-01-08 16:14:27,512 - INFO - Metrics table ensured in DB.
2025-01-08 16:15:56,378 - INFO - Bot initialized with settings.
2025-01-08 16:15:56,380 - INFO - Metrics table ensured in DB.
2025-01-08 16:16:15,418 - INFO - Bot initialized with settings.
2025-01-08 16:16:15,420 - INFO - Metrics table ensured in DB.
2025-01-08 16:16:39,944 - INFO - Bot initialized with settings.
2025-01-08 16:16:39,947 - INFO - Metrics table ensured in DB.
2025-01-08 16:17:39,095 - INFO - Bot initialized with settings.
2025-01-08 16:17:39,098 - INFO - Metrics table ensured in DB.
2025-01-08 16:19:16,103 - INFO - Bot initialized with settings.
2025-01-08 16:19:16,106 - INFO - Metrics table ensured in DB.
2025-01-08 16:19:19,984 - INFO - Bot initialized with settings.
2025-01-08 16:19:19,986 - INFO - Metrics table ensured in DB.
2025-01-08 16:25:38,572 - INFO - Bot initialized with settings.
2025-01-08 16:25:38,575 - INFO - Metrics table ensured in DB.
2025-01-08 16:26:35,936 - INFO - Bot initialized with settings.
2025-01-08 16:26:35,939 - INFO - Metrics table ensured in DB.
2025-01-08 16:27:03,524 - INFO - Bot initialized with settings.
2025-01-08 16:27:03,527 - INFO - Metrics table ensured in DB.
2025-01-08 16:27:36,806 - INFO - Bot initialized with settings.
2025-01-08 16:27:36,808 - INFO - Metrics table ensured in DB.
2025-01-08 16:28:14,275 - INFO - Bot initialized with settings.
2025-01-08 16:28:14,278 - INFO - Metrics table ensured in DB.
2025-01-08 16:28:53,132 - INFO - Bot initialized with settings.
2025-01-08 16:28:53,135 - INFO - Metrics table ensured in DB.
2025-01-08 16:29:18,563 - INFO - Bot initialized with settings.
2025-01-08 16:29:18,565 - INFO - Metrics table ensured in DB.
2025-01-08 16:29:42,856 - INFO - Bot initialized with settings.
2025-01-08 16:29:42,859 - INFO - Metrics table ensured in DB.
2025-01-08 16:30:12,811 - INFO - Bot initialized with settings.
2025-01-08 16:30:12,813 - INFO - Metrics table ensured in DB.
2025-01-08 16:30:33,963 - INFO - Bot initialized with settings.
2025-01-08 16:30:33,966 - INFO - Metrics table ensured in DB.
2025-01-08 16:30:54,258 - INFO - Bot initialized with settings.
2025-01-08 16:30:54,262 - INFO - Metrics table ensured in DB.
2025-01-08 16:32:03,214 - INFO - Bot initialized with settings.
2025-01-08 16:32:03,216 - INFO - Metrics table ensured in DB.
2025-01-08 16:32:07,247 - INFO - Bot initialized with settings.
2025-01-08 16:32:07,249 - INFO - Metrics table ensured in DB.
2025-01-08 16:32:54,977 - INFO - Bot initialized with settings.
2025-01-08 16:32:54,979 - INFO - Metrics table ensured in DB.
2025-01-08 16:33:23,947 - INFO - Bot initialized with settings.
2025-01-08 16:33:23,950 - INFO - Metrics table ensured in DB.
2025-01-08 16:38:29,185 - INFO - Bot initialized with settings.
2025-01-08 16:38:29,187 - INFO - Metrics table ensured in DB.
2025-01-08 16:39:46,044 - INFO - Bot initialized with settings.
2025-01-08 16:39:46,047 - INFO - Metrics table ensured in DB.
2025-01-08 16:39:50,077 - INFO - Bot initialized with settings.
2025-01-08 16:39:50,080 - INFO - Metrics table ensured in DB.
2025-01-08 16:40:11,370 - INFO - Bot initialized with settings.
2025-01-08 16:40:11,373 - INFO - Metrics table ensured in DB.
2025-01-08 16:40:28,326 - INFO - Bot initialized with settings.
2025-01-08 16:40:28,329 - INFO - Metrics table ensured in DB.
2025-01-08 16:41:07,079 - INFO - Client disconnected from metrics_stream stream.
2025-01-08 16:41:11,105 - INFO - Client disconnected from metrics_stream stream.
2025-01-08 16:41:22,018 - INFO - Client disconnected from metrics_stream stream.
2025-01-08 16:41:34,306 - INFO - Bot initialized with settings.
2025-01-08 16:41:34,308 - INFO - Metrics table ensured in DB.
2025-01-08 16:41:38,306 - INFO - Bot initialized with settings.
2025-01-08 16:41:38,308 - INFO - Metrics table ensured in DB.
2025-01-08 16:49:27,910 - INFO - Bot initialized with settings.
2025-01-08 16:49:27,913 - INFO - Metrics table ensured in DB.
2025-01-08 16:49:29,037 - INFO - Client disconnected from metrics_stream stream.
2025-01-08 16:49:56,963 - INFO - Bot initialized with settings.
2025-01-08 16:49:56,965 - INFO - Metrics table ensured in DB.
2025-01-08 16:50:13,755 - INFO - Bot initialized with settings.
2025-01-08 16:50:13,758 - INFO - Metrics table ensured in DB.
2025-01-08 16:50:32,718 - INFO - Bot initialized with settings.
2025-01-08 16:50:32,720 - INFO - Metrics table ensured in DB.
2025-01-08 16:51:02,790 - INFO - Bot initialized with settings.
2025-01-08 16:51:02,793 - INFO - Metrics table ensured in DB.
2025-01-08 16:51:18,584 - INFO - Bot initialized with settings.
2025-01-08 16:51:18,587 - INFO - Metrics table ensured in DB.
2025-01-08 16:51:34,253 - INFO - Bot initialized with settings.
2025-01-08 16:51:34,257 - INFO - Metrics table ensured in DB.
2025-01-08 16:51:50,034 - INFO - Bot initialized with settings.
2025-01-08 16:51:50,037 - INFO - Metrics table ensured in DB.
2025-01-08 16:52:02,556 - INFO - Bot initialized with settings.
2025-01-08 16:52:02,560 - INFO - Metrics table ensured in DB.
2025-01-08 16:52:18,346 - INFO - Bot initialized with settings.
2025-01-08 16:52:18,349 - INFO - Metrics table ensured in DB.
2025-01-08 16:52:31,793 - INFO - Bot initialized with settings.
2025-01-08 16:52:31,796 - INFO - Metrics table ensured in DB.
2025-01-08 17:24:51,419 - INFO - Bot initialized with settings.
2025-01-08 17:24:51,422 - INFO - Metrics table ensured in DB.
2025-01-08 17:27:02,830 - INFO - Client disconnected from metrics_stream stream.
2025-01-08 17:51:17,007 - INFO - Bot initialized with settings.
2025-01-08 17:51:17,012 - INFO - Metrics table ensured in DB.
2025-01-08 17:55:32,300 - INFO - Bot initialized with settings.
2025-01-08 17:55:32,307 - INFO - Metrics table ensured in DB.
2025-01-08 17:55:40,174 - INFO - Bot initialized with settings.
2025-01-08 17:55:40,177 - INFO - Metrics table ensured in DB.
2025-01-08 17:55:53,642 - INFO - Bot initialized with settings.
2025-01-08 17:55:53,646 - INFO - Metrics table ensured in DB.
2025-01-08 17:57:19,549 - INFO - Bot initialized with settings.
2025-01-08 17:57:19,554 - INFO - Metrics table ensured in DB.
2025-01-08 17:57:27,744 - INFO - Client disconnected from metrics_stream stream.
2025-01-08 17:58:12,044 - INFO - Bot initialized with settings.
2025-01-08 17:58:12,048 - INFO - Metrics table ensured in DB.
2025-01-08 18:21:27,028 - INFO - Bot initialized with settings.
2025-01-08 18:21:27,031 - INFO - Metrics table ensured in DB.
2025-01-08 18:21:53,460 - INFO - Bot initialized with settings.
2025-01-08 18:21:53,463 - INFO - Metrics table ensured in DB.
2025-01-08 18:28:02,587 - INFO - Bot initialized with settings.
2025-01-08 18:28:02,591 - INFO - Metrics table ensured in DB.
2025-01-08 18:29:03,836 - INFO - Client disconnected from metrics_stream stream.
2025-01-08 18:30:13,479 - INFO - Bot initialized with settings.
2025-01-08 18:30:13,484 - INFO - Metrics table ensured in DB.
2025-01-08 18:30:55,809 - INFO - Bot initialized with settings.
2025-01-08 18:30:55,813 - INFO - Metrics table ensured in DB.
2025-01-08 18:31:55,795 - INFO - Bot initialized with settings.
2025-01-08 18:31:55,799 - INFO - Metrics table ensured in DB.
2025-01-08 18:32:20,604 - INFO - Bot initialized with settings.
2025-01-08 18:32:20,607 - INFO - Metrics table ensured in DB.
2025-01-08 18:33:38,371 - INFO - Bot initialized with settings.
2025-01-08 18:33:38,375 - INFO - Metrics table ensured in DB.
2025-01-08 18:36:46,355 - INFO - Bot initialized with settings.
2025-01-08 18:36:46,358 - INFO - Metrics table ensured in DB.
2025-01-08 18:40:17,804 - INFO - Bot initialized with settings.
2025-01-08 18:40:17,812 - INFO - Metrics table ensured in DB.
2025-01-08 19:01:10,447 - INFO - Bot initialized with settings.
2025-01-08 19:01:10,449 - INFO - Metrics table ensured in DB.
2025-01-08 19:01:15,238 - INFO - Bot initialized with settings.
2025-01-08 19:01:15,241 - INFO - Metrics table ensured in DB.
2025-01-08 19:02:48,662 - INFO - Bot initialized with settings.
2025-01-08 19:02:48,665 - INFO - Metrics table ensured in DB.
2025-01-08 19:02:53,057 - INFO - Bot initialized with settings.
2025-01-08 19:02:53,060 - INFO - Metrics table ensured in DB.
2025-01-08 19:02:54,187 - INFO - Client disconnected from metrics_stream stream.
2025-01-08 19:03:01,608 - INFO - Received new settings: {'riskLevel': 'medium', 'maxTrades': 5, 'tradeIntervalHours': 1, 'stopLossPercentage': 2, 'takeProfitPercentage': 5, 'rsiPeriod': 14, 'emaFastPeriod': 12, 'emaSlowPeriod': 26, 'bbandsPeriod': 20, 'trailingATRMultiplier': 1.5, 'adjustATRMultiplier': 1.5, 'tradeCooldown': 60}
2025-01-08 19:03:01,760 - INFO - Settings updated successfully.
2025-01-08 19:03:16,902 - INFO - Received new settings: {'riskLevel': 'high', 'maxTrades': 5, 'tradeIntervalHours': 0.08333333333333333, 'stopLossPercentage': 2, 'takeProfitPercentage': 5, 'rsiPeriod': 14, 'emaFastPeriod': 12, 'emaSlowPeriod': 26, 'bbandsPeriod': 20, 'trailingATRMultiplier': 1.5, 'adjustATRMultiplier': 1.5, 'tradeCooldown': 60}
2025-01-08 19:03:16,903 - INFO - Settings updated successfully.
2025-01-08 19:03:59,554 - INFO - Client disconnected from metrics_stream stream.
2025-01-08 19:04:26,593 - INFO - Bot initialized with settings.
2025-01-08 19:04:26,596 - INFO - Metrics table ensured in DB.
2025-01-08 19:05:33,547 - INFO - Bot initialized with settings.
2025-01-08 19:05:33,551 - INFO - Metrics table ensured in DB.
2025-01-08 19:06:33,835 - INFO - Bot initialized with settings.
2025-01-08 19:06:33,838 - INFO - Metrics table ensured in DB.
2025-01-08 19:09:28,537 - INFO - Bot initialized with settings.
2025-01-08 19:09:28,540 - INFO - Metrics table ensured in DB.
2025-01-08 19:11:12,350 - INFO - Bot initialized with settings.
2025-01-08 19:11:12,353 - INFO - Metrics table ensured in DB.
2025-01-08 19:12:01,525 - INFO - Bot initialized with settings.
2025-01-08 19:12:01,528 - INFO - Metrics table ensured in DB.
2025-01-08 20:04:58,369 - INFO - Bot initialized with settings.
2025-01-08 20:04:58,372 - INFO - Metrics table ensured in DB.
2025-01-08 20:05:59,274 - INFO - Bot initialized with settings.
2025-01-08 20:05:59,279 - INFO - Metrics table ensured in DB.
2025-01-08 20:06:03,457 - INFO - Bot initialized with settings.
2025-01-08 20:06:03,460 - INFO - Metrics table ensured in DB.
2025-01-08 20:06:04,589 - INFO - Client disconnected from metrics_stream stream.
2025-01-08 20:06:09,415 - INFO - Bot initialized with settings.
2025-01-08 20:06:09,417 - INFO - Metrics table ensured in DB.
2025-01-08 20:06:43,131 - INFO - Received new settings: {'riskLevel': 'high', 'maxTrades': 5, 'tradeIntervalHours': 1, 'stopLossPercentage': 2, 'takeProfitPercentage': 5, 'rsiPeriod': 14, 'emaFastPeriod': 12, 'emaSlowPeriod': 26, 'bbandsPeriod': 20, 'trailingATRMultiplier': 1.5, 'adjustATRMultiplier': 1.5, 'tradeCooldown': 60, 'enabledStrategies': ['TrendFollowingStrategy', 'MeanReversionStrategy', 'ScalpingStrategy']}
2025-01-08 20:06:43,131 - INFO - Settings updated successfully.
2025-01-08 20:07:35,272 - INFO - Client disconnected from metrics_stream stream.
2025-01-08 20:12:38,780 - INFO - Bot initialized with settings.
2025-01-08 20:12:38,783 - INFO - Metrics table ensured in DB.
2025-01-08 20:18:17,734 - INFO - Bot initialized with settings.
2025-01-08 20:18:17,737 - INFO - Metrics table ensured in DB.
2025-01-08 20:18:47,384 - INFO - Bot initialized with settings.
2025-01-08 20:18:47,387 - INFO - Metrics table ensured in DB.
2025-01-08 20:18:51,714 - INFO - Bot initialized with settings.
2025-01-08 20:18:51,718 - INFO - Metrics table ensured in DB.
2025-01-08 20:18:55,796 - INFO - Received new settings: {'riskLevel': 'medium', 'maxTrades': 5, 'tradeIntervalHours': 1, 'stopLossPercentage': 2, 'takeProfitPercentage': 5, 'rsiPeriod': 14, 'emaFastPeriod': 12, 'emaSlowPeriod': 26, 'bbandsPeriod': 20, 'trailingATRMultiplier': 1.5, 'adjustATRMultiplier': 1.5, 'tradeCooldown': 60, 'scalpingEmaPeriod': None, 'scalpingRsiPeriod': None, 'scalpingAtrPeriod': None, 'scalpingBbPeriod': None, 'scalpingThresholdMultiplier': None, 'enabledStrategies': ['TrendFollowingStrategy', 'MeanReversionStrategy', 'ScalpingStrategy']}
2025-01-08 20:18:55,798 - INFO - Settings updated successfully.
2025-01-08 20:21:05,902 - INFO - Received new settings: {'riskLevel': 'medium', 'maxTrades': 5, 'tradeIntervalHours': 1, 'stopLossPercentage': 2, 'takeProfitPercentage': 5, 'rsiPeriod': 14, 'emaFastPeriod': 12, 'emaSlowPeriod': 26, 'bbandsPeriod': 20, 'trailingATRMultiplier': 1.5, 'adjustATRMultiplier': 1.5, 'tradeCooldown': 60, 'scalpingEmaPeriod': 5, 'scalpingRsiPeriod': 5, 'scalpingAtrPeriod': 14, 'scalpingBbPeriod': 20, 'scalpingThresholdMultiplier': 0.5, 'enabledStrategies': ['TrendFollowingStrategy', 'ScalpingStrategy']}
2025-01-08 20:21:05,904 - INFO - Settings updated successfully.
2025-01-08 20:21:51,858 - INFO - Bot initialized with settings.
2025-01-08 20:21:51,862 - INFO - Metrics table ensured in DB.
2025-01-08 20:21:56,050 - INFO - Bot initialized with settings.
2025-01-08 20:21:56,052 - INFO - Metrics table ensured in DB.
2025-01-08 20:24:03,229 - INFO - Bot initialized with settings.
2025-01-08 20:24:03,233 - INFO - Metrics table ensured in DB.
2025-01-08 20:24:07,305 - INFO - Bot initialized with settings.
2025-01-08 20:24:07,307 - INFO - Metrics table ensured in DB.
2025-01-08 20:24:13,902 - INFO - Client disconnected from metrics_stream stream.
2025-01-08 20:24:20,384 - INFO - Received new settings: {'riskLevel': 'medium', 'maxTrades': 5, 'tradeIntervalHours': 1, 'stopLossPercentage': 2, 'takeProfitPercentage': 5, 'rsiPeriod': 14, 'emaFastPeriod': 12, 'emaSlowPeriod': 26, 'bbandsPeriod': 20, 'trailingATRMultiplier': 1.5, 'adjustATRMultiplier': 1.5, 'tradeCooldown': 60, 'scalpingEmaPeriod': 5, 'scalpingRsiPeriod': 5, 'scalpingAtrPeriod': 14, 'scalpingBbPeriod': 20, 'scalpingThresholdMultiplier': 0.5, 'enabledStrategies': ['TrendFollowingStrategy', 'ScalpingStrategy']}
2025-01-08 20:24:20,386 - INFO - Settings updated successfully.
2025-01-08 20:24:47,658 - INFO - Bot initialized with settings.
2025-01-08 20:24:47,661 - INFO - Metrics table ensured in DB.
2025-01-08 20:24:51,860 - INFO - Bot initialized with settings.
2025-01-08 20:24:51,863 - INFO - Metrics table ensured in DB.
2025-01-08 20:25:13,000 - INFO - Client disconnected from metrics_stream stream.
2025-01-08 20:25:15,581 - INFO - Received new settings: {'riskLevel': 'medium', 'maxTrades': 5, 'tradeIntervalHours': 1, 'stopLossPercentage': 2, 'takeProfitPercentage': 5, 'rsiPeriod': 14, 'emaFastPeriod': 12, 'emaSlowPeriod': 26, 'bbandsPeriod': 20, 'trailingATRMultiplier': 1.5, 'adjustATRMultiplier': 1.5, 'tradeCooldown': 60, 'scalpingEmaPeriod': 5, 'scalpingRsiPeriod': 5, 'scalpingAtrPeriod': 14, 'scalpingBbPeriod': 20, 'scalpingThresholdMultiplier': 0.5, 'enabledStrategies': ['TrendFollowingStrategy', 'ScalpingStrategy']}
2025-01-08 20:25:15,582 - INFO - Settings updated successfully.
2025-01-08 20:25:24,898 - INFO - Client disconnected from metrics_stream stream.
2025-01-08 20:25:32,633 - INFO - Client disconnected from metrics_stream stream.
2025-01-08 20:25:37,015 - INFO - Received new settings: {'riskLevel': 'medium', 'maxTrades': 5, 'tradeIntervalHours': 1, 'stopLossPercentage': 2, 'takeProfitPercentage': 5, 'rsiPeriod': 14, 'emaFastPeriod': 12, 'emaSlowPeriod': 26, 'bbandsPeriod': 20, 'trailingATRMultiplier': 1.5, 'adjustATRMultiplier': 1.5, 'tradeCooldown': 60, 'scalpingEmaPeriod': 5, 'scalpingRsiPeriod': 5, 'scalpingAtrPeriod': 14, 'scalpingBbPeriod': 20, 'scalpingThresholdMultiplier': 0.5, 'enabledStrategies': []}
2025-01-08 20:25:37,015 - INFO - Settings updated successfully.
2025-01-08 20:25:39,589 - INFO - Received new settings: {'riskLevel': 'medium', 'maxTrades': 5, 'tradeIntervalHours': 1, 'stopLossPercentage': 2, 'takeProfitPercentage': 5, 'rsiPeriod': 14, 'emaFastPeriod': 12, 'emaSlowPeriod': 26, 'bbandsPeriod': 20, 'trailingATRMultiplier': 1.5, 'adjustATRMultiplier': 1.5, 'tradeCooldown': 60, 'scalpingEmaPeriod': 5, 'scalpingRsiPeriod': 5, 'scalpingAtrPeriod': 14, 'scalpingBbPeriod': 20, 'scalpingThresholdMultiplier': 0.5, 'enabledStrategies': ['TrendFollowingStrategy', 'ScalpingStrategy']}
2025-01-08 20:25:39,590 - INFO - Settings updated successfully.
2025-01-08 20:25:43,403 - INFO - Client disconnected from metrics_stream stream.
2025-01-08 20:25:44,208 - INFO - Client disconnected from metrics_stream stream.
2025-01-08 20:25:44,844 - INFO - Client disconnected from metrics_stream stream.
2025-01-08 20:25:52,146 - INFO - Bot initialized with settings.
2025-01-08 20:25:52,150 - INFO - Metrics table ensured in DB.
2025-01-08 20:25:56,306 - INFO - Bot initialized with settings.
2025-01-08 20:25:56,310 - INFO - Metrics table ensured in DB.
2025-01-08 20:26:03,735 - INFO - Received new settings: {'riskLevel': 'high', 'maxTrades': 5, 'tradeIntervalHours': 0.25, 'stopLossPercentage': 2, 'takeProfitPercentage': 5, 'rsiPeriod': 14, 'emaFastPeriod': 12, 'emaSlowPeriod': 26, 'bbandsPeriod': 20, 'trailingATRMultiplier': 1.5, 'adjustATRMultiplier': 1.5, 'tradeCooldown': 60, 'scalpingEmaPeriod': 5, 'scalpingRsiPeriod': 5, 'scalpingAtrPeriod': 14, 'scalpingBbPeriod': 20, 'scalpingThresholdMultiplier': 0.5, 'enabledStrategies': ['TrendFollowingStrategy', 'ScalpingStrategy']}
2025-01-08 20:26:03,736 - INFO - Settings updated successfully.
2025-01-08 20:26:57,634 - INFO - Client disconnected from metrics_stream stream.
2025-01-08 20:29:06,027 - INFO - Bot initialized with settings.
2025-01-08 20:29:06,030 - INFO - Metrics table ensured in DB.
2025-01-08 20:30:41,398 - INFO - Bot initialized with settings.
2025-01-08 20:30:41,402 - INFO - Metrics table ensured in DB.
2025-01-08 20:34:09,621 - INFO - Bot initialized with settings.
2025-01-08 20:34:09,624 - INFO - Metrics table ensured in DB.
2025-01-08 20:37:27,384 - INFO - Bot initialized with settings.
2025-01-08 20:37:27,387 - INFO - Metrics table ensured in DB.
2025-01-08 20:37:34,751 - INFO - Bot initialized with settings.
2025-01-08 20:37:34,753 - INFO - Metrics table ensured in DB.
2025-01-08 20:39:16,940 - INFO - Client disconnected from metrics_stream stream.
2025-01-08 20:44:22,068 - INFO - Bot initialized with settings.
2025-01-08 20:44:22,072 - INFO - Metrics table ensured in DB.
2025-01-08 20:44:58,872 - INFO - Bot initialized with settings.
2025-01-08 20:44:58,876 - INFO - Metrics table ensured in DB.
2025-01-08 20:45:12,491 - INFO - Bot initialized with settings.
2025-01-08 20:45:12,494 - INFO - Metrics table ensured in DB.
2025-01-08 20:45:31,806 - INFO - Bot initialized with settings.
2025-01-08 20:45:31,809 - INFO - Metrics table ensured in DB.
2025-01-08 20:46:17,405 - INFO - Bot initialized with settings.
2025-01-08 20:46:17,408 - INFO - Metrics table ensured in DB.
2025-01-08 20:46:44,287 - INFO - Bot initialized with settings.
2025-01-08 20:46:44,290 - INFO - Metrics table ensured in DB.
2025-01-08 20:46:48,897 - INFO - Client disconnected from metrics_stream stream.
2025-01-08 20:46:59,283 - INFO - Received new settings: {'riskLevel': 'high', 'maxTrades': 5, 'tradeIntervalHours': 0.25, 'stopLossPercentage': 2, 'takeProfitPercentage': 5, 'rsiPeriod': 14, 'emaFastPeriod': 12, 'emaSlowPeriod': 26, 'bbandsPeriod': 20, 'trailingATRMultiplier': 1.5, 'adjustATRMultiplier': 1.5, 'tradeCooldown': 60, 'scalpingEmaPeriod': 5, 'scalpingRsiPeriod': 5, 'scalpingAtrPeriod': 14, 'scalpingBbPeriod': 20, 'scalpingThresholdMultiplier': 0.5, 'enabledStrategies': ['TrendFollowingStrategy', 'ScalpingStrategy']}
2025-01-08 20:46:59,285 - INFO - Settings updated successfully.
2025-01-08 20:47:51,323 - INFO - Client disconnected from metrics_stream stream.
2025-01-08 20:48:19,976 - INFO - Bot initialized with settings.
2025-01-08 20:48:19,980 - INFO - Metrics table ensured in DB.
2025-01-08 21:00:49,979 - INFO - Bot initialized with settings.
2025-01-08 21:00:49,982 - INFO - Metrics table ensured in DB.
2025-01-08 21:01:28,914 - INFO - Client disconnected from metrics_stream stream.
2025-01-08 21:01:37,035 - INFO - Received new settings: {'riskLevel': 'high', 'maxTrades': 5, 'tradeIntervalHours': 0.25, 'stopLossPercentage': 2, 'takeProfitPercentage': 5, 'rsiPeriod': 14, 'emaFastPeriod': 12, 'emaSlowPeriod': 26, 'bbandsPeriod': 20, 'trailingATRMultiplier': 1.5, 'adjustATRMultiplier': 1.5, 'tradeCooldown': 60, 'scalpingEmaPeriod': 5, 'scalpingRsiPeriod': 5, 'scalpingAtrPeriod': 14, 'scalpingBbPeriod': 20, 'scalpingThresholdMultiplier': 0.5, 'enabledStrategies': ['TrendFollowingStrategy', 'ScalpingStrategy']}
2025-01-08 21:01:37,036 - INFO - Settings updated successfully.
2025-01-08 21:02:48,169 - INFO - Bot initialized with settings.
2025-01-08 21:02:48,171 - INFO - Metrics table ensured in DB.
2025-01-08 21:02:52,288 - INFO - Bot initialized with settings.
2025-01-08 21:02:52,291 - INFO - Metrics table ensured in DB.
2025-01-08 21:02:53,426 - INFO - Client disconnected from metrics_stream stream.
2025-01-08 21:05:25,058 - INFO - Bot initialized with settings.
2025-01-08 21:05:25,060 - INFO - Metrics table ensured in DB.
2025-01-08 21:11:42,758 - INFO - Bot initialized with settings.
2025-01-08 21:11:42,761 - INFO - Metrics table ensured in DB.
2025-01-08 21:11:49,807 - INFO - Bot initialized with settings.
2025-01-08 21:11:49,809 - INFO - Metrics table ensured in DB.
2025-01-08 21:12:09,204 - INFO - Bot initialized with settings.
2025-01-08 21:12:09,206 - INFO - Metrics table ensured in DB.
2025-01-08 21:12:12,884 - INFO - Client disconnected from metrics_stream stream.
2025-01-08 21:12:18,489 - INFO - Bot initialized with settings.
2025-01-08 21:12:18,491 - INFO - Metrics table ensured in DB.
2025-01-08 21:17:15,754 - INFO - Bot initialized with settings.
2025-01-08 21:17:15,758 - INFO - Metrics table ensured in DB.
2025-01-08 21:17:19,854 - INFO - Bot initialized with settings.
2025-01-08 21:17:19,858 - INFO - Metrics table ensured in DB.
2025-01-08 21:17:43,321 - INFO - Bot initialized with settings.
2025-01-08 21:17:43,324 - INFO - Metrics table ensured in DB.
2025-01-08 21:17:46,684 - INFO - Client disconnected from metrics_stream stream.
2025-01-08 21:20:30,795 - INFO - Bot initialized with settings.
2025-01-08 21:20:30,798 - INFO - Metrics table ensured in DB.
2025-01-08 21:20:38,040 - INFO - Bot initialized with settings.
2025-01-08 21:20:38,043 - INFO - Metrics table ensured in DB.
2025-01-08 21:22:02,904 - INFO - Bot initialized with settings.
2025-01-08 21:22:02,907 - INFO - Metrics table ensured in DB.
2025-01-08 22:31:59,130 - INFO - Bot initialized with settings.
2025-01-08 22:31:59,133 - INFO - Metrics table ensured in DB.
2025-01-08 22:32:09,577 - INFO - Bot initialized with settings.
2025-01-08 22:32:09,580 - INFO - Metrics table ensured in DB.
2025-01-08 22:32:15,890 - INFO - Client disconnected from metrics_stream stream.
2025-01-08 22:32:20,966 - INFO - Bot initialized with settings.
2025-01-08 22:32:20,968 - INFO - Metrics table ensured in DB.
2025-01-08 22:35:44,723 - INFO - Bot initialized with settings.
2025-01-08 22:35:44,726 - INFO - Metrics table ensured in DB.
2025-01-08 23:27:54,875 - INFO - Bot initialized with settings.
2025-01-08 23:27:54,878 - INFO - Metrics table ensured in DB.
2025-01-08 23:53:37,520 - INFO - Bot initialized with settings.
2025-01-08 23:53:37,525 - INFO - Metrics table ensured in DB.
2025-01-08 23:55:19,508 - INFO - Bot initialized with settings.
2025-01-08 23:55:19,510 - INFO - Metrics table ensured in DB.
2025-01-08 23:55:23,732 - INFO - Bot initialized with settings.
2025-01-08 23:55:23,736 - INFO - Metrics table ensured in DB.
2025-01-08 23:55:24,859 - INFO - Client disconnected from metrics_stream stream.
2025-01-08 23:55:29,780 - INFO - Bot initialized with settings.
2025-01-08 23:55:29,784 - INFO - Metrics table ensured in DB.
2025-01-08 23:56:01,309 - INFO - Bot initialized with settings.
2025-01-08 23:56:01,312 - INFO - Metrics table ensured in DB.
2025-01-08 23:56:09,457 - INFO - Bot initialized with settings.
2025-01-08 23:56:09,460 - INFO - Metrics table ensured in DB.
2025-01-08 23:56:26,366 - INFO - Bot initialized with settings.
2025-01-08 23:56:26,368 - INFO - Metrics table ensured in DB.
2025-01-08 23:56:34,620 - INFO - Bot initialized with settings.
2025-01-08 23:56:34,623 - INFO - Metrics table ensured in DB.
2025-01-08 23:56:47,339 - INFO - Client disconnected from metrics_stream stream.
2025-01-08 23:57:58,051 - INFO - Bot initialized with settings.
2025-01-08 23:57:58,056 - INFO - Metrics table ensured in DB.
2025-01-09 00:01:56,181 - INFO - Bot initialized with settings.
2025-01-09 00:01:56,184 - INFO - Metrics table ensured in DB.
2025-01-09 00:02:05,351 - INFO - Client disconnected from metrics_stream stream.
2025-01-09 00:02:53,100 - INFO - Bot initialized with settings.
2025-01-09 00:02:53,103 - INFO - Metrics table ensured in DB.
2025-01-09 00:04:26,750 - INFO - Bot initialized with settings.
2025-01-09 00:04:26,753 - INFO - Metrics table ensured in DB.
2025-01-09 00:04:33,185 - INFO - Bot initialized with settings.
2025-01-09 00:04:33,188 - INFO - Metrics table ensured in DB.
2025-01-09 00:07:13,067 - INFO - Bot initialized with settings.
2025-01-09 00:07:13,070 - INFO - Metrics table ensured in DB.
2025-01-09 00:09:11,302 - INFO - Bot initialized with settings.
2025-01-09 00:09:11,305 - INFO - Metrics table ensured in DB.
2025-01-09 00:11:48,576 - INFO - Bot initialized with settings.
2025-01-09 00:11:48,579 - INFO - Metrics table ensured in DB.
2025-01-09 00:13:29,823 - INFO - Bot initialized with settings.
2025-01-09 00:13:29,827 - INFO - Metrics table ensured in DB.
2025-01-09 00:13:40,381 - INFO - Bot initialized with settings.
2025-01-09 00:13:40,384 - INFO - Metrics table ensured in DB.
2025-01-09 00:21:26,685 - INFO - Bot initialized with settings.
2025-01-09 00:21:26,689 - INFO - Metrics table ensured in DB.
2025-01-09 00:22:47,321 - INFO - Bot initialized with settings.
2025-01-09 00:22:47,324 - INFO - Metrics table ensured in DB.
2025-01-09 00:24:01,807 - INFO - Bot initialized with settings.
2025-01-09 00:24:01,812 - INFO - Metrics table ensured in DB.
2025-01-09 01:19:02,621 - INFO - Bot initialized with settings.
2025-01-09 01:19:02,626 - INFO - Metrics table ensured in DB.
2025-01-09 01:19:03,971 - INFO - Client disconnected from metrics_stream stream.
2025-01-09 01:19:08,883 - INFO - Bot initialized with settings.
2025-01-09 01:19:08,886 - INFO - Metrics table ensured in DB.
2025-01-09 01:20:30,099 - INFO - Bot initialized with settings.
2025-01-09 01:20:30,103 - INFO - Metrics table ensured in DB.
2025-01-09 01:20:54,898 - INFO - Client disconnected from metrics_stream stream.
2025-01-09 01:22:27,911 - INFO - Bot initialized with settings.
2025-01-09 01:22:27,915 - INFO - Metrics table ensured in DB.
2025-01-09 01:22:29,433 - INFO - Client disconnected from metrics_stream stream.
2025-01-09 01:38:59,067 - INFO - Bot initialized with settings.
2025-01-09 01:38:59,070 - INFO - Metrics table ensured in DB.
2025-01-09 01:39:03,650 - INFO - Bot initialized with settings.
2025-01-09 01:39:03,653 - INFO - Metrics table ensured in DB.
2025-01-09 01:39:49,696 - INFO - Client disconnected from metrics_stream stream.
2025-01-09 01:41:02,573 - INFO - Client disconnected from metrics_stream stream.
2025-01-09 01:46:34,288 - INFO - Bot initialized with settings.
2025-01-09 01:46:34,292 - INFO - Metrics table ensured in DB.
2025-01-09 01:53:01,399 - INFO - Bot initialized with settings.
2025-01-09 01:53:01,403 - INFO - Metrics table ensured in DB.
2025-01-09 01:53:03,891 - INFO - Client disconnected from metrics_stream stream.
2025-01-09 02:07:53,557 - INFO - Bot initialized with settings.
2025-01-09 02:07:53,560 - INFO - Metrics table ensured in DB.
2025-01-09 08:54:37,177 - INFO - Client disconnected from metrics_stream stream.
2025-01-09 08:54:47,905 - INFO - Bot initialized with settings.
2025-01-09 08:54:47,911 - INFO - Metrics table ensured in DB.
2025-01-09 08:55:49,186 - INFO - Client disconnected from metrics_stream stream.
2025-01-09 10:08:26,447 - INFO - Bot initialized with settings.
2025-01-09 10:08:26,451 - INFO - Metrics table ensured in DB.
2025-01-09 10:08:32,386 - INFO - Bot initialized with settings.
2025-01-09 10:08:32,390 - INFO - Metrics table ensured in DB.
2025-01-09 10:49:33,139 - INFO - Bot initialized with settings.
2025-01-09 10:49:33,142 - INFO - Metrics table ensured in DB.
2025-01-09 10:49:57,985 - INFO - Bot initialized with settings.
2025-01-09 10:49:57,988 - INFO - Metrics table ensured in DB.
2025-01-09 10:55:05,588 - INFO - Bot initialized with settings.
2025-01-09 10:55:05,592 - INFO - Metrics table ensured in DB.
2025-01-09 10:56:56,945 - INFO - Bot initialized with settings.
2025-01-09 10:56:56,949 - INFO - Metrics table ensured in DB.
2025-01-09 10:57:33,546 - INFO - Bot initialized with settings.
2025-01-09 10:57:33,549 - INFO - Metrics table ensured in DB.
2025-01-09 10:57:37,755 - INFO - Bot initialized with settings.
2025-01-09 10:57:37,757 - INFO - Metrics table ensured in DB.
2025-01-09 10:58:20,703 - INFO - Bot initialized with settings.
2025-01-09 10:58:20,707 - INFO - Metrics table ensured in DB.
2025-01-09 10:58:25,008 - INFO - Bot initialized with settings.
2025-01-09 10:58:25,011 - INFO - Metrics table ensured in DB.
2025-01-09 11:00:20,156 - INFO - Bot initialized with settings.
2025-01-09 11:00:20,159 - INFO - Metrics table ensured in DB.
2025-01-09 11:00:29,888 - INFO - Client disconnected from metrics_stream stream.
